<?xml version="1.0" encoding="UTF-8"?>
<!-- Generated by org.testng.reporters.JUnitReportReporter -->
<testsuite skipped="0" hostname="Puneet-Dell" name="com.nopCommerce_V1.testcases.LoginTest001" tests="1" failures="0" timestamp="19 Feb 2019 17:24:58 GMT" time="15.479" errors="0">
  <testcase name="LoginTest" time="15.479" classname="com.nopCommerce_V1.testcases.LoginTest001"/>
</testsuite> <!-- com.nopCommerce_V1.testcases.LoginTest001 -->
