<?xml version="1.0" encoding="UTF-8"?>
<!-- Generated by org.testng.reporters.JUnitReportReporter -->
<testsuite skipped="0" hostname="Puneet-Dell" name="com.nopCommerce_V1.testcases.Login1" tests="1" failures="0" timestamp="18 Feb 2019 01:51:24 GMT" time="14.728" errors="0">
  <testcase name="loginTest" time="14.728" classname="com.nopCommerce_V1.testcases.Login1"/>
</testsuite> <!-- com.nopCommerce_V1.testcases.Login1 -->
