<?xml version="1.0" encoding="UTF-8"?>
<!-- Generated by org.testng.reporters.JUnitReportReporter -->
<testsuite skipped="0" hostname="Puneet-Dell" name="com.nopCommerce_V1.testcases.Addcust003" tests="1" failures="0" timestamp="19 Feb 2019 17:24:58 GMT" time="26.357" errors="0">
  <testcase name="addNewCustomer" time="26.357" classname="com.nopCommerce_V1.testcases.Addcust003"/>
</testsuite> <!-- com.nopCommerce_V1.testcases.Addcust003 -->
