<?xml version="1.0" encoding="UTF-8"?>
<!-- Generated by org.testng.reporters.JUnitReportReporter -->
<testsuite hostname="Puneet-Dell" failures="0" tests="1" name="com.nopCommerce_V1.testcases.LoginTest001" time="14.960" errors="0" timestamp="21 Feb 2019 16:03:25 GMT" skipped="0">
  <testcase classname="com.nopCommerce_V1.testcases.LoginTest001" name="LoginTest" time="14.960"/>
</testsuite> <!-- com.nopCommerce_V1.testcases.LoginTest001 -->
