<?xml version="1.0" encoding="UTF-8"?>
<!-- Generated by org.testng.reporters.JUnitReportReporter -->
<testsuite hostname="Puneet-Dell" failures="0" tests="1" name="com.nopCommerce_V1.testcases.Addcust003" time="38.488" errors="0" timestamp="21 Feb 2019 16:13:27 GMT" skipped="0">
  <testcase classname="com.nopCommerce_V1.testcases.Addcust003" name="addNewCustomer" time="38.488"/>
</testsuite> <!-- com.nopCommerce_V1.testcases.Addcust003 -->
